<?xml version="1.0" encoding="UTF-8"?>
<coverage generated="1664996953614" clover="3.2.0">
  <project timestamp="1664996953614" name="All files">
    <metrics statements="14" coveredstatements="11" conditionals="11" coveredconditionals="11" methods="5" coveredmethods="2" elements="30" coveredelements="24" complexity="0" loc="14" ncloc="14" packages="1" files="1" classes="1"/>
    <file name="Employee.js" path="/Users/huizhang/Desktop/Shell/2022_Austin_BootCamp_Coding/module_challenge/team-profile-generator/lib/Employee.js">
      <metrics statements="14" coveredstatements="11" conditionals="11" coveredconditionals="11" methods="5" coveredmethods="2"/>
      <line num="4" count="12" type="cond" truecount="4" falsecount="0"/>
      <line num="5" count="2" type="stmt"/>
      <line num="8" count="10" type="cond" truecount="5" falsecount="0"/>
      <line num="9" count="3" type="stmt"/>
      <line num="16" count="7" type="cond" truecount="2" falsecount="0"/>
      <line num="19" count="1" type="stmt"/>
      <line num="22" count="5" type="stmt"/>
      <line num="23" count="5" type="stmt"/>
      <line num="24" count="5" type="stmt"/>
      <line num="28" count="0" type="stmt"/>
      <line num="32" count="0" type="stmt"/>
      <line num="36" count="0" type="stmt"/>
      <line num="40" count="1" type="stmt"/>
      <line num="61" count="1" type="stmt"/>
    </file>
  </project>
</coverage>
