<?xml version="1.0" encoding="UTF-8"?>
<coverage generated="1665534999538" clover="3.2.0">
  <project timestamp="1665534999538" name="All files">
    <metrics statements="36" coveredstatements="36" conditionals="17" coveredconditionals="17" methods="14" coveredmethods="14" elements="67" coveredelements="67" complexity="0" loc="36" ncloc="36" packages="1" files="4" classes="4"/>
    <file name="Employee.js" path="/Users/huizhang/Desktop/Shell/2022_Austin_BootCamp_Coding/module_challenge/team-profile-generator/lib/Employee.js">
      <metrics statements="12" coveredstatements="12" conditionals="6" coveredconditionals="6" methods="5" coveredmethods="5"/>
      <line num="4" count="20" type="cond" truecount="4" falsecount="0"/>
      <line num="5" count="2" type="stmt"/>
      <line num="9" count="18" type="stmt"/>
      <line num="14" count="18" type="cond" truecount="2" falsecount="0"/>
      <line num="17" count="1" type="stmt"/>
      <line num="20" count="17" type="stmt"/>
      <line num="22" count="17" type="stmt"/>
      <line num="26" count="1" type="stmt"/>
      <line num="30" count="1" type="stmt"/>
      <line num="34" count="1" type="stmt"/>
      <line num="38" count="1" type="stmt"/>
      <line num="42" count="4" type="stmt"/>
    </file>
    <file name="Engineer.js" path="/Users/huizhang/Desktop/Shell/2022_Austin_BootCamp_Coding/module_challenge/team-profile-generator/lib/Engineer.js">
      <metrics statements="8" coveredstatements="8" conditionals="2" coveredconditionals="2" methods="3" coveredmethods="3"/>
      <line num="1" count="1" type="stmt"/>
      <line num="8" count="4" type="stmt"/>
      <line num="10" count="4" type="cond" truecount="2" falsecount="0"/>
      <line num="11" count="1" type="stmt"/>
      <line num="14" count="3" type="stmt"/>
      <line num="19" count="1" type="stmt"/>
      <line num="23" count="1" type="stmt"/>
      <line num="27" count="1" type="stmt"/>
    </file>
    <file name="Intern.js" path="/Users/huizhang/Desktop/Shell/2022_Austin_BootCamp_Coding/module_challenge/team-profile-generator/lib/Intern.js">
      <metrics statements="8" coveredstatements="8" conditionals="4" coveredconditionals="4" methods="3" coveredmethods="3"/>
      <line num="1" count="1" type="stmt"/>
      <line num="8" count="4" type="stmt"/>
      <line num="10" count="4" type="cond" truecount="4" falsecount="0"/>
      <line num="11" count="1" type="stmt"/>
      <line num="14" count="3" type="stmt"/>
      <line num="19" count="1" type="stmt"/>
      <line num="23" count="1" type="stmt"/>
      <line num="27" count="1" type="stmt"/>
    </file>
    <file name="Manager.js" path="/Users/huizhang/Desktop/Shell/2022_Austin_BootCamp_Coding/module_challenge/team-profile-generator/lib/Manager.js">
      <metrics statements="8" coveredstatements="8" conditionals="5" coveredconditionals="5" methods="3" coveredmethods="3"/>
      <line num="1" count="1" type="stmt"/>
      <line num="8" count="4" type="stmt"/>
      <line num="10" count="4" type="stmt"/>
      <line num="11" count="4" type="cond" truecount="5" falsecount="0"/>
      <line num="12" count="1" type="stmt"/>
      <line num="18" count="1" type="stmt"/>
      <line num="22" count="1" type="stmt"/>
      <line num="28" count="1" type="stmt"/>
    </file>
  </project>
</coverage>
