{"/Users/huizhang/Desktop/Shell/2022_Austin_BootCamp_Coding/module_challenge/team-profile-generator/lib/Employee.js": {"path":"/Users/huizhang/Desktop/Shell/2022_Austin_BootCamp_Coding/module_challenge/team-profile-generator/lib/Employee.js","statementMap":{"0":{"start":{"line":4,"column":8},"end":{"line":6,"column":9}},"1":{"start":{"line":5,"column":12},"end":{"line":5,"column":81}},"2":{"start":{"line":8,"column":8},"end":{"line":10,"column":9}},"3":{"start":{"line":9,"column":12},"end":{"line":9,"column":82}},"4":{"start":{"line":16,"column":8},"end":{"line":20,"column":11}},"5":{"start":{"line":19,"column":12},"end":{"line":19,"column":85}},"6":{"start":{"line":22,"column":8},"end":{"line":22,"column":25}},"7":{"start":{"line":23,"column":8},"end":{"line":23,"column":21}},"8":{"start":{"line":24,"column":8},"end":{"line":24,"column":27}},"9":{"start":{"line":28,"column":8},"end":{"line":28,"column":31}},"10":{"start":{"line":32,"column":8},"end":{"line":32,"column":29}},"11":{"start":{"line":36,"column":8},"end":{"line":36,"column":32}},"12":{"start":{"line":40,"column":8},"end":{"line":40,"column":32}},"13":{"start":{"line":61,"column":0},"end":{"line":61,"column":26}}},"fnMap":{"0":{"name":"(anonymous_0)","decl":{"start":{"line":2,"column":4},"end":{"line":2,"column":5}},"loc":{"start":{"line":2,"column":32},"end":{"line":25,"column":5}},"line":2},"1":{"name":"(anonymous_1)","decl":{"start":{"line":27,"column":4},"end":{"line":27,"column":5}},"loc":{"start":{"line":27,"column":13},"end":{"line":29,"column":5}},"line":27},"2":{"name":"(anonymous_2)","decl":{"start":{"line":31,"column":4},"end":{"line":31,"column":5}},"loc":{"start":{"line":31,"column":11},"end":{"line":33,"column":5}},"line":31},"3":{"name":"(anonymous_3)","decl":{"start":{"line":35,"column":4},"end":{"line":35,"column":5}},"loc":{"start":{"line":35,"column":14},"end":{"line":37,"column":5}},"line":35},"4":{"name":"(anonymous_4)","decl":{"start":{"line":39,"column":4},"end":{"line":39,"column":5}},"loc":{"start":{"line":39,"column":13},"end":{"line":41,"column":5}},"line":39}},"branchMap":{"0":{"loc":{"start":{"line":4,"column":8},"end":{"line":6,"column":9}},"type":"if","locations":[{"start":{"line":4,"column":8},"end":{"line":6,"column":9}},{"start":{},"end":{}}],"line":4},"1":{"loc":{"start":{"line":4,"column":11},"end":{"line":4,"column":58}},"type":"binary-expr","locations":[{"start":{"line":4,"column":11},"end":{"line":4,"column":35}},{"start":{"line":4,"column":39},"end":{"line":4,"column":58}}],"line":4},"2":{"loc":{"start":{"line":8,"column":8},"end":{"line":10,"column":9}},"type":"if","locations":[{"start":{"line":8,"column":8},"end":{"line":10,"column":9}},{"start":{},"end":{}}],"line":8},"3":{"loc":{"start":{"line":8,"column":11},"end":{"line":8,"column":54}},"type":"binary-expr","locations":[{"start":{"line":8,"column":11},"end":{"line":8,"column":33}},{"start":{"line":8,"column":37},"end":{"line":8,"column":46}},{"start":{"line":8,"column":50},"end":{"line":8,"column":54}}],"line":8},"4":{"loc":{"start":{"line":16,"column":8},"end":{"line":20,"column":11}},"type":"if","locations":[{"start":{"line":16,"column":8},"end":{"line":20,"column":11}},{"start":{},"end":{}}],"line":16}},"s":{"0":12,"1":2,"2":10,"3":3,"4":7,"5":1,"6":5,"7":5,"8":5,"9":0,"10":0,"11":0,"12":1,"13":1},"f":{"0":12,"1":0,"2":0,"3":0,"4":1},"b":{"0":[2,10],"1":[12,10],"2":[3,7],"3":[10,8,8],"4":[1,5]},"_coverageSchema":"1a1c01bbd47fc00a2c39e90264f33305004495a9","hash":"3621dd3594d4afdfddcb411b1db2ea5fb9d3e880"}
}
