TN:
SF:lib/Employee.js
FN:2,(anonymous_0)
FN:27,(anonymous_1)
FN:31,(anonymous_2)
FN:35,(anonymous_3)
FN:39,(anonymous_4)
FNF:5
FNH:2
FNDA:12,(anonymous_0)
FNDA:0,(anonymous_1)
FNDA:0,(anonymous_2)
FNDA:0,(anonymous_3)
FNDA:1,(anonymous_4)
DA:4,12
DA:5,2
DA:8,10
DA:9,3
DA:16,7
DA:19,1
DA:22,5
DA:23,5
DA:24,5
DA:28,0
DA:32,0
DA:36,0
DA:40,1
DA:61,1
LF:14
LH:11
BRDA:4,0,0,2
BRDA:4,0,1,10
BRDA:4,1,0,12
BRDA:4,1,1,10
BRDA:8,2,0,3
BRDA:8,2,1,7
BRDA:8,3,0,10
BRDA:8,3,1,8
BRDA:8,3,2,8
BRDA:16,4,0,1
BRDA:16,4,1,5
BRF:11
BRH:11
end_of_record
