TN:
SF:lib/Employee.js
FN:2,(anonymous_0)
FN:25,(anonymous_1)
FN:29,(anonymous_2)
FN:33,(anonymous_3)
FN:37,(anonymous_4)
FNF:5
FNH:5
FNDA:21,(anonymous_0)
FNDA:1,(anonymous_1)
FNDA:1,(anonymous_2)
FNDA:1,(anonymous_3)
FNDA:1,(anonymous_4)
DA:4,21
DA:5,2
DA:9,19
DA:10,19
DA:11,0
DA:14,19
DA:17,1
DA:20,18
DA:22,18
DA:26,1
DA:30,1
DA:34,1
DA:38,1
DA:42,4
LF:14
LH:13
BRDA:4,0,0,2
BRDA:4,0,1,19
BRDA:4,1,0,21
BRDA:4,1,1,19
BRDA:10,2,0,0
BRDA:10,2,1,19
BRDA:14,3,0,1
BRDA:14,3,1,18
BRF:8
BRH:7
end_of_record
TN:
SF:lib/Engineer.js
FN:7,(anonymous_0)
FN:18,(anonymous_1)
FN:22,(anonymous_2)
FNF:3
FNH:3
FNDA:4,(anonymous_0)
FNDA:1,(anonymous_1)
FNDA:1,(anonymous_2)
DA:1,1
DA:8,4
DA:10,4
DA:11,1
DA:14,3
DA:19,1
DA:23,1
DA:27,1
LF:8
LH:8
BRDA:10,0,0,1
BRDA:10,0,1,3
BRF:2
BRH:2
end_of_record
TN:
SF:lib/Intern.js
FN:7,(anonymous_0)
FN:18,(anonymous_1)
FN:22,(anonymous_2)
FNF:3
FNH:3
FNDA:4,(anonymous_0)
FNDA:1,(anonymous_1)
FNDA:1,(anonymous_2)
DA:1,1
DA:8,4
DA:10,4
DA:11,1
DA:14,3
DA:19,1
DA:23,1
DA:27,1
LF:8
LH:8
BRDA:10,0,0,1
BRDA:10,0,1,3
BRDA:10,1,0,4
BRDA:10,1,1,3
BRF:4
BRH:4
end_of_record
TN:
SF:lib/Manager.js
FN:7,(anonymous_0)
FN:17,(anonymous_1)
FN:21,(anonymous_2)
FNF:3
FNH:3
FNDA:4,(anonymous_0)
FNDA:1,(anonymous_1)
FNDA:1,(anonymous_2)
DA:1,1
DA:8,4
DA:10,4
DA:11,4
DA:12,1
DA:18,1
DA:22,1
DA:28,1
LF:8
LH:8
BRDA:11,0,0,1
BRDA:11,0,1,3
BRDA:11,1,0,4
BRDA:11,1,1,4
BRDA:11,1,2,3
BRF:5
BRH:5
end_of_record
